<?xml version="1.0" encoding="UTF-8"?>
<!-- Generated by org.testng.reporters.JUnitReportReporter -->
<testsuite hostname="LAPTOP-MD6QO9VG" failures="0" tests="2" name="actitime.testcases.HomePageTest" time="41.059" errors="0" timestamp="25 Sept 2022 13:42:27 GMT" skipped="0">
  <testcase classname="actitime.testcases.HomePageTest" name="homePageLogoTest" time="22.516"/>
  <testcase classname="actitime.testcases.HomePageTest" name="homePageTaskLinkTest" time="18.543"/>
</testsuite> <!-- actitime.testcases.HomePageTest -->
