<?xml version="1.0" encoding="UTF-8"?>
<!-- Generated by org.testng.reporters.JUnitReportReporter -->
<testsuite hostname="LAPTOP-MD6QO9VG" failures="0" tests="2" name="actitime.testcases.LogonPageTest" time="8.906" errors="0" timestamp="25 Sept 2022 13:42:27 GMT" skipped="1">
  <testcase classname="actitime.testcases.LogonPageTest" name="loginPageLogoTest" time="8.906"/>
  <testcase classname="actitime.testcases.LogonPageTest" name="LoginTest" time="0.000">
    <skipped/>
  </testcase> <!-- LoginTest -->
</testsuite> <!-- actitime.testcases.LogonPageTest -->
